<li><em>2023-12-03 09:49:00</em>
<span>2023/12/united-kingdom-350x235.jpg</span> <em>Could not generate, the original is too small.</em></li>
<li><em>2023-12-03 09:48:59</em>
<span>2023/12/singapore-350x235.jpg</span> <em>Could not generate, the original is too small.</em></li>
<li><em>2023-12-03 09:48:58</em>
<span>2023/12/place-bg-350x235.jpg</span> <em>Could not generate, the original is too small.</em></li>
<li><em>2023-12-03 09:48:57</em>
<span>2023/12/place_4-350x235.jpg</span> <em>Could not generate, the original is too small.</em></li>
<li><em>2023-12-03 09:48:55</em>
<span>2023/12/place_3-350x235.jpg</span> <em>Could not generate, the original is too small.</em></li>
<li><em>2023-12-03 09:48:54</em>
<span>2023/12/place_2-350x235.jpg</span> <em>Could not generate, the original is too small.</em></li>
<li><em>2023-12-03 09:48:53</em>
<span>2023/12/place_1-350x235.jpg</span> <em>Could not generate, the original is too small.</em></li>
<li><em>2023-12-03 09:48:52</em>
<span>2023/12/france-350x235.jpg</span> <em>Could not generate, the original is too small.</em></li>
<li><em>2023-12-03 09:48:51</em>
<span>2023/12/egypt-350x235.jpg</span> <em>Could not generate, the original is too small.</em></li>
<li><em>2023-12-03 09:48:50</em>
<span>2023/12/dubai-350x235.jpg</span> <em>Could not generate, the original is too small.</em></li>
<li><em>2023-12-03 09:48:49</em>
<span>2023/12/china-350x235.jpg</span> <em>Could not generate, the original is too small.</em></li>
<li><em>2023-12-03 09:48:47</em>
<span>2023/12/canada-350x235.jpg</span> <em>Could not generate, the original is too small.</em></li>
<li><em>2023-12-03 09:48:46</em>
<span>2023/12/bg-350x235.jpg</span> <em>Could not generate, the original is too small.</em></li>
<li><em>2023-12-03 09:48:45</em>
<span>2023/12/austria-350x235.jpg</span> <em>Could not generate, the original is too small.</em></li>
<li><em>2023-12-03 09:48:44</em>
<span>2023/12/australia-350x235.jpg</span> <em>Could not generate, the original is too small.</em></li>
<li><em>2023-12-03 09:48:43</em>
<span>2023/12/america-350x235.jpg</span> <em>Could not generate, the original is too small.</em></li>
